<?xml version="1.0" encoding="UTF-8"?>
<testsuite xmlns:xsi="http://www.w3.org/2001/XMLSchema-instance" xsi:noNamespaceSchemaLocation="https://maven.apache.org/surefire/maven-surefire-plugin/xsd/surefire-test-report-3.0.xsd" version="3.0" name="TestSuite" time="70.946" tests="3" errors="0" skipped="0" failures="1">
  <properties>
[...]
</properties>
  <testcase name="runScenario[&quot;Search experience for product search in both home and Offers page&quot;, &quot;Optional[Search and place order for Products]&quot;](1)" classname="cucumberOptions.TestNGTestRunner" time="38.743">
    <failure message="expected [No] but found [Beetroot]" type="java.lang.AssertionError"><![CDATA[java.lang.AssertionError: expected [No] but found [Beetroot]
]]></failure>
    <system-out><![CDATA[Tomato is the Product name
Beetroot is the Product name
Tomato is the Checkout Page product Name
]]></system-out>
  </testcase>
  <testcase name="runScenario[&quot;Search experience for product and proceeding to checkout&quot;, &quot;Optional[Place order for Products and Checkout]&quot;](2)" classname="cucumberOptions.TestNGTestRunner" time="39.952"/>
  <testcase name="runScenario[&quot;Search experience for product search in both home and Offers page&quot;, &quot;Optional[Search and place order for Products]&quot;](3)" classname="cucumberOptions.TestNGTestRunner" time="69.738">
    <system-out><![CDATA[Tomato is the Product name
]]></system-out>
  </testcase>
</testsuite>